<?xml version="1.0" encoding="UTF-8"?>
<testsuite xmlns:xsi="http://www.w3.org/2001/XMLSchema-instance" xsi:noNamespaceSchemaLocation="https://maven.apache.org/surefire/maven-surefire-plugin/xsd/surefire-test-report-3.0.xsd" version="3.0" name="com.scrimet.dslist.DslistApplicationTests" time="11.862" tests="1" errors="0" skipped="0" failures="0">
  <properties>
[...]
</properties>
  <testcase name="contextLoads" classname="com.scrimet.dslist.DslistApplicationTests" time="0.953">
    <system-out><![CDATA[13:15:47.233 [main] INFO org.springframework.test.context.support.AnnotationConfigContextLoaderUtils -- Could not detect default configuration classes for test class [com.scrimet.dslist.DslistApplicationTests]: DslistApplicationTests does not declare any static, non-private, non-final, nested classes annotated with @Configuration.
13:15:47.465 [main] INFO org.springframework.boot.test.context.SpringBootTestContextBootstrapper -- Found @SpringBootConfiguration com.scrimet.dslist.DslistApplication for test class com.scrimet.dslist.DslistApplicationTests

  .   ____          _            __ _ _
 /\\ / ___'_ __ _ _(_)_ __  __ _ \ \ \ \
( ( )\___ | '_ | '_| | '_ \/ _` | \ \ \ \
 \\/  ___)| |_)| | | | | || (_| |  ) ) ) )
  '  |____| .__|_| |_|_| |_\__, | / / / /
 =========|_|==============|___/=/_/_/_/
 :: Spring Boot ::                (v3.2.0)

2026-04-04T13:15:48.524Z  INFO 11324 --- [dslist] [           main] c.scrimet.dslist.DslistApplicationTests  : Starting DslistApplicationTests using Java 21.0.8 with PID 11324 (started by vscode in /workspaces/gamesList-backend)
2026-04-04T13:15:48.527Z  INFO 11324 --- [dslist] [           main] c.scrimet.dslist.DslistApplicationTests  : No active profile set, falling back to 1 default profile: "default"
2026-04-04T13:15:48.568Z DEBUG 11324 --- [dslist] [           main] o.s.w.c.s.GenericWebApplicationContext   : Refreshing org.springframework.web.context.support.GenericWebApplicationContext@2024293c
2026-04-04T13:15:50.071Z  INFO 11324 --- [dslist] [           main] .s.d.r.c.RepositoryConfigurationDelegate : Bootstrapping Spring Data JPA repositories in DEFAULT mode.
2026-04-04T13:15:50.131Z  INFO 11324 --- [dslist] [           main] .s.d.r.c.RepositoryConfigurationDelegate : Finished Spring Data repository scanning in 52 ms. Found 3 JPA repository interfaces.
2026-04-04T13:15:51.287Z  INFO 11324 --- [dslist] [           main] o.hibernate.jpa.internal.util.LogHelper  : HHH000204: Processing PersistenceUnitInfo [name: default]
2026-04-04T13:15:51.344Z  INFO 11324 --- [dslist] [           main] org.hibernate.Version                    : HHH000412: Hibernate ORM core version 6.3.1.Final
2026-04-04T13:15:51.441Z  INFO 11324 --- [dslist] [           main] o.h.c.internal.RegionFactoryInitiator    : HHH000026: Second-level cache disabled
2026-04-04T13:15:51.681Z  INFO 11324 --- [dslist] [           main] o.s.o.j.p.SpringPersistenceUnitInfo      : No LoadTimeWeaver setup: ignoring JPA class transformer
2026-04-04T13:15:51.706Z  INFO 11324 --- [dslist] [           main] com.zaxxer.hikari.HikariDataSource       : HikariPool-1 - Starting...
2026-04-04T13:15:51.955Z  INFO 11324 --- [dslist] [           main] com.zaxxer.hikari.pool.HikariPool        : HikariPool-1 - Added connection conn0: url=jdbc:h2:file:./data/db user=SA
2026-04-04T13:15:51.957Z  INFO 11324 --- [dslist] [           main] com.zaxxer.hikari.HikariDataSource       : HikariPool-1 - Start completed.
2026-04-04T13:15:51.984Z  WARN 11324 --- [dslist] [           main] org.hibernate.orm.deprecation            : HHH90000025: H2Dialect does not need to be specified explicitly using 'hibernate.dialect' (remove the property setting and it will be selected by default)
2026-04-04T13:15:52.399Z  WARN 11324 --- [dslist] [           main] org.hibernate.mapping.RootClass          : HHH000038: Composite-id class does not override equals(): com.scrimet.dslist.entities.BelongingPK
2026-04-04T13:15:52.399Z  WARN 11324 --- [dslist] [           main] org.hibernate.mapping.RootClass          : HHH000039: Composite-id class does not override hashCode(): com.scrimet.dslist.entities.BelongingPK
2026-04-04T13:15:53.264Z  INFO 11324 --- [dslist] [           main] o.h.e.t.j.p.i.JtaPlatformInitiator       : HHH000489: No JTA platform available (set 'hibernate.transaction.jta.platform' to enable JTA platform integration)
Hibernate: 
    drop table if exists tb_belonging cascade 
Hibernate: 
    drop table if exists tb_game cascade 
Hibernate: 
    drop table if exists tb_game_list cascade 
Hibernate: 
    drop table if exists tb_users cascade 
Hibernate: 
    create table tb_belonging (
        position integer,
        game_id bigint not null,
        list_id bigint not null,
        primary key (game_id, list_id)
    )
Hibernate: 
    create table tb_game (
        game_year integer,
        score float(53),
        id bigint generated by default as identity,
        genre varchar(255),
        img_url varchar(255),
        long_description TEXT,
        platforms varchar(255),
        short_description TEXT,
        title varchar(255) not null unique,
        primary key (id)
    )
Hibernate: 
    create table tb_game_list (
        id bigint generated by default as identity,
        name varchar(255),
        primary key (id)
    )
Hibernate: 
    create table tb_users (
        email varchar(255) unique,
        id varchar(255) not null,
        password varchar(255) not null,
        role varchar(255) not null check (role in ('USER','ADMIN')),
        user_name varchar(255),
        primary key (id)
    )
Hibernate: 
    alter table if exists tb_belonging 
       add constraint FKrchwdikeu66uky1hf75ym1kh 
       foreign key (list_id) 
       references tb_game_list
Hibernate: 
    alter table if exists tb_belonging 
       add constraint FK2slybclee7wdfxhfltbvqkgpg 
       foreign key (game_id) 
       references tb_game
Hibernate: INSERT INTO tb_game (title, score, game_year, genre, platforms, img_url, short_description, long_description) VALUES ('Mass Effect Trilogy', 4.8, 2012, 'Role-playing (RPG), Shooter', 'XBox, Playstation, PC', 'https://raw.githubusercontent.com/devsuperior/java-spring-dslist/main/resources/1.png', 'Uma jornada épica pelo espaço onde suas escolhas moldam o destino da galáxia contra os Reapers.', 'A trilogia Mass Effect coloca você no papel do Comandante Shepard, liderando uma equipe de especialistas em uma missão para salvar a galáxia. O jogo é famoso por seu sistema de escolhas morais que impactam drasticamente o desenrolar da narrativa e o destino de civilizações inteiras.')
Hibernate: INSERT INTO tb_game (title, score, game_year, genre, platforms, img_url, short_description, long_description) VALUES ('Red Dead Redemption 2', 4.7, 2018, 'Role-playing (RPG), Adventure', 'XBox, Playstation, PC', 'https://raw.githubusercontent.com/devsuperior/java-spring-dslist/main/resources/2.png', 'A saga de Arthur Morgan e a gangue Van der Linde no coração de uma América em transformação.', 'Ambientado em 1899, o jogo segue o fora-da-lei Arthur Morgan enquanto ele lida com o declínio do Velho Oeste. Com um mundo aberto incrivelmente detalhado, o título oferece uma experiência imersiva sobre lealdade, redenção e o preço da liberdade em um mundo que não aceita mais bandidos.')
Hibernate: INSERT INTO tb_game (title, score, game_year, genre, platforms, img_url, short_description, long_description) VALUES ('The Witcher 3: Wild Hunt', 4.7, 2014, 'Role-playing (RPG), Adventure', 'XBox, Playstation, PC', 'https://raw.githubusercontent.com/devsuperior/java-spring-dslist/main/resources/3.png', 'Geralt de Rívia busca sua filha adotiva em um mundo devastado por monstros e tramas políticas.', 'No papel de um caçador de monstros profissional, você explora o Continente em busca de Ciri. O jogo é um marco do RPG ocidental, apresentando missões secundárias profundas, um sistema de combate tático e um mundo rico baseado na mitologia eslava.')
Hibernate: INSERT INTO tb_game (title, score, game_year, genre, platforms, img_url, short_description, long_description) VALUES ('Sekiro: Shadows Die Twice', 3.8, 2019, 'Role-playing (RPG), Adventure', 'XBox, Playstation, PC', 'https://raw.githubusercontent.com/devsuperior/java-spring-dslist/main/resources/4.png', 'Um shinobi embarca em uma jornada de vingança e resgate no perigoso período Sengoku no Japão.', 'Diferente de Dark Souls, Sekiro foca em furtividade e combate de precisão com espadas. Você controla o Lobo de um Braço Só, um guerreiro desonrado que deve enfrentar samurais e criaturas místicas para recuperar seu mestre sequestrado.')
Hibernate: INSERT INTO tb_game (title, score, game_year, genre, platforms, img_url, short_description, long_description) VALUES ('Ghost of Tsushima', 4.6, 2012, 'Role-playing (RPG), Adventure', 'XBox, Playstation, PC', 'https://raw.githubusercontent.com/devsuperior/java-spring-dslist/main/resources/5.png', 'O samurai Jin Sakai luta para libertar a ilha de Tsushima da invasão mongol no século XIII.', 'Jin deve escolher entre seguir o rígido código samurai ou adotar táticas de "Fantasma" para vencer um exército numericamente superior. O jogo destaca-se pelo seu estilo visual cinematográfico inspirado nos filmes de Akira Kurosawa.')
Hibernate: INSERT INTO tb_game (title, score, game_year, genre, platforms, img_url, short_description, long_description) VALUES ('Super Mario World', 4.7, 1990, 'Platform', 'Super Ness, PC', 'https://raw.githubusercontent.com/devsuperior/java-spring-dslist/main/resources/6.png', 'A aventura definitiva de Mario e Yoshi para salvar a Princesa Peach das garras de Bowser.', 'Um dos maiores clássicos de plataforma de todos os tempos. Explore')
Hibernate: INSERT INTO tb_users (id, user_name, email, password, role) VALUES ('550e8400-e29b-41d4-a716-446655440000', 'user1', 'user@example.com', '$2a$10$exampleHashedPassword', 'USER')
Hibernate: INSERT INTO tb_users (id, user_name, email, password, role) VALUES ('550e8400-e29b-41d4-a716-446655440001', 'admin1', 'admin@example.com', '$2a$10$exampleHashedPassword', 'ADMIN')
2026-04-04T13:15:53.333Z  INFO 11324 --- [dslist] [           main] j.LocalContainerEntityManagerFactoryBean : Initialized JPA EntityManagerFactory for persistence unit 'default'
2026-04-04T13:15:54.129Z  INFO 11324 --- [dslist] [           main] o.s.d.j.r.query.QueryEnhancerFactory     : Hibernate is in classpath; If applicable, HQL parser will be used.
2026-04-04T13:15:54.634Z  WARN 11324 --- [dslist] [           main] JpaBaseConfiguration$JpaWebConfiguration : spring.jpa.open-in-view is enabled by default. Therefore, database queries may be performed during view rendering. Explicitly configure spring.jpa.open-in-view to disable this warning
2026-04-04T13:15:55.728Z DEBUG 11324 --- [dslist] [           main] s.w.s.m.m.a.RequestMappingHandlerMapping : 13 mappings in 'requestMappingHandlerMapping'
2026-04-04T13:15:56.018Z DEBUG 11324 --- [dslist] [           main] o.s.w.s.handler.SimpleUrlHandlerMapping  : Patterns [/webjars/**, /**] in 'resourceHandlerMapping'
2026-04-04T13:15:56.244Z  INFO 11324 --- [dslist] [           main] o.s.b.a.e.web.EndpointLinksResolver      : Exposing 1 endpoint(s) beneath base path '/actuator'
2026-04-04T13:15:56.477Z  INFO 11324 --- [dslist] [           main] o.s.s.web.DefaultSecurityFilterChain     : Will secure any request with [org.springframework.security.web.session.DisableEncodeUrlFilter@ab5954d, org.springframework.security.web.context.request.async.WebAsyncManagerIntegrationFilter@466f7259, org.springframework.security.web.context.SecurityContextHolderFilter@4945cd1f, org.springframework.security.web.header.HeaderWriterFilter@76d4e1af, org.springframework.web.filter.CorsFilter@13482361, org.springframework.security.web.authentication.logout.LogoutFilter@3b303b78, com.scrimet.dslist.config.JwtAuthenticationFilter@f943847, org.springframework.security.web.savedrequest.RequestCacheAwareFilter@7f5b0926, org.springframework.security.web.servletapi.SecurityContextHolderAwareRequestFilter@f359e65, org.springframework.security.web.authentication.AnonymousAuthenticationFilter@47c06b1a, org.springframework.security.web.session.SessionManagementFilter@4b55652a, org.springframework.security.web.access.ExceptionTranslationFilter@7a9e44ff, org.springframework.security.web.access.intercept.AuthorizationFilter@a89dec0]
2026-04-04T13:15:56.979Z DEBUG 11324 --- [dslist] [           main] s.w.s.m.m.a.RequestMappingHandlerAdapter : ControllerAdvice beans: 0 @ModelAttribute, 0 @InitBinder, 1 RequestBodyAdvice, 1 ResponseBodyAdvice
2026-04-04T13:15:57.031Z DEBUG 11324 --- [dslist] [           main] .m.m.a.ExceptionHandlerExceptionResolver : ControllerAdvice beans: 1 @ExceptionHandler, 1 ResponseBodyAdvice
2026-04-04T13:15:57.343Z  INFO 11324 --- [dslist] [           main] o.s.b.a.h2.H2ConsoleAutoConfiguration    : H2 console available at '/h2-console'. Database available at 'jdbc:h2:file:./data/db'
2026-04-04T13:15:57.707Z  INFO 11324 --- [dslist] [           main] c.scrimet.dslist.DslistApplicationTests  : Started DslistApplicationTests in 9.844 seconds (process running for 12.202)
]]></system-out>
    <system-err><![CDATA[WARNING: A Java agent has been loaded dynamically (/home/vscode/.m2/repository/net/bytebuddy/byte-buddy-agent/1.14.10/byte-buddy-agent-1.14.10.jar)
WARNING: If a serviceability tool is in use, please run with -XX:+EnableDynamicAgentLoading to hide this warning
WARNING: If a serviceability tool is not in use, please run with -Djdk.instrument.traceUsage for more information
WARNING: Dynamic loading of agents will be disallowed by default in a future release
]]></system-err>
  </testcase>
</testsuite>